g:\github_code\test_ncnn\ncnn-vs2013-master_mtcnn\ncnn\x64\debug\vc141.pdb
g:\github_code\test_ncnn\ncnn-vs2013-master_mtcnn\ncnn\x64\debug\vc141.idb
g:\github_code\test_ncnn\ncnn-vs2013-master_mtcnn\ncnn\x64\debug\deconvolutiondepthwise.obj
g:\github_code\test_ncnn\ncnn-vs2013-master_mtcnn\ncnn\x64\debug\deconvolution.obj
g:\github_code\test_ncnn\ncnn-vs2013-master_mtcnn\ncnn\x64\debug\crop.obj
g:\github_code\test_ncnn\ncnn-vs2013-master_mtcnn\ncnn\x64\debug\convolutiondepthwise.obj
g:\github_code\test_ncnn\ncnn-vs2013-master_mtcnn\ncnn\x64\debug\convolution.obj
g:\github_code\test_ncnn\ncnn-vs2013-master_mtcnn\ncnn\x64\debug\concat.obj
g:\github_code\test_ncnn\ncnn-vs2013-master_mtcnn\ncnn\x64\debug\clip.obj
g:\github_code\test_ncnn\ncnn-vs2013-master_mtcnn\ncnn\x64\debug\bnll.obj
g:\github_code\test_ncnn\ncnn-vs2013-master_mtcnn\ncnn\x64\debug\binaryop.obj
g:\github_code\test_ncnn\ncnn-vs2013-master_mtcnn\ncnn\x64\debug\bias.obj
g:\github_code\test_ncnn\ncnn-vs2013-master_mtcnn\ncnn\x64\debug\batchnorm.obj
g:\github_code\test_ncnn\ncnn-vs2013-master_mtcnn\ncnn\x64\debug\argmax.obj
g:\github_code\test_ncnn\ncnn-vs2013-master_mtcnn\ncnn\x64\debug\absval.obj
g:\github_code\test_ncnn\ncnn-vs2013-master_mtcnn\ncnn\x64\debug\layer.obj
g:\github_code\test_ncnn\ncnn-vs2013-master_mtcnn\ncnn\x64\debug\cpu.obj
g:\github_code\test_ncnn\ncnn-vs2013-master_mtcnn\ncnn\x64\debug\blob.obj
g:\github_code\test_ncnn\ncnn-vs2013-master_mtcnn\ncnn\x64\debug\benchmark.obj
g:\github_code\test_ncnn\ncnn-vs2013-master_mtcnn\ncnn\x64\debug\allocator.obj
g:\github_code\test_ncnn\ncnn-vs2013-master_mtcnn\ncnn\x64\debug\mtcnn.obj
g:\github_code\test_ncnn\ncnn-vs2013-master_mtcnn\ncnn\x64\debug\main.obj
g:\github_code\test_ncnn\ncnn-vs2013-master_mtcnn\ncnn\x64\debug\padding.obj
g:\github_code\test_ncnn\ncnn-vs2013-master_mtcnn\ncnn\x64\debug\normalize.obj
g:\github_code\test_ncnn\ncnn-vs2013-master_mtcnn\ncnn\x64\debug\mvn.obj
g:\github_code\test_ncnn\ncnn-vs2013-master_mtcnn\ncnn\x64\debug\memorydata.obj
g:\github_code\test_ncnn\ncnn-vs2013-master_mtcnn\ncnn\x64\debug\lstm.obj
g:\github_code\test_ncnn\ncnn-vs2013-master_mtcnn\ncnn\x64\debug\lrn.obj
g:\github_code\test_ncnn\ncnn-vs2013-master_mtcnn\ncnn\x64\debug\log.obj
g:\github_code\test_ncnn\ncnn-vs2013-master_mtcnn\ncnn\x64\debug\interp.obj
g:\github_code\test_ncnn\ncnn-vs2013-master_mtcnn\ncnn\x64\debug\instancenorm.obj
g:\github_code\test_ncnn\ncnn-vs2013-master_mtcnn\ncnn\x64\debug\input.obj
g:\github_code\test_ncnn\ncnn-vs2013-master_mtcnn\ncnn\x64\debug\innerproduct.obj
g:\github_code\test_ncnn\ncnn-vs2013-master_mtcnn\ncnn\x64\debug\flatten.obj
g:\github_code\test_ncnn\ncnn-vs2013-master_mtcnn\ncnn\x64\debug\expanddims.obj
g:\github_code\test_ncnn\ncnn-vs2013-master_mtcnn\ncnn\x64\debug\exp.obj
g:\github_code\test_ncnn\ncnn-vs2013-master_mtcnn\ncnn\x64\debug\embed.obj
g:\github_code\test_ncnn\ncnn-vs2013-master_mtcnn\ncnn\x64\debug\elu.obj
g:\github_code\test_ncnn\ncnn-vs2013-master_mtcnn\ncnn\x64\debug\eltwise.obj
g:\github_code\test_ncnn\ncnn-vs2013-master_mtcnn\ncnn\x64\debug\dropout.obj
g:\github_code\test_ncnn\ncnn-vs2013-master_mtcnn\ncnn\x64\debug\detectionoutput.obj
g:\github_code\test_ncnn\ncnn-vs2013-master_mtcnn\ncnn\x64\debug\dequantize.obj
g:\github_code\test_ncnn\ncnn-vs2013-master_mtcnn\ncnn\x64\debug\softmax.obj
g:\github_code\test_ncnn\ncnn-vs2013-master_mtcnn\ncnn\x64\debug\slice.obj
g:\github_code\test_ncnn\ncnn-vs2013-master_mtcnn\ncnn\x64\debug\sigmoid.obj
g:\github_code\test_ncnn\ncnn-vs2013-master_mtcnn\ncnn\x64\debug\shufflechannel.obj
g:\github_code\test_ncnn\ncnn-vs2013-master_mtcnn\ncnn\x64\debug\scale.obj
g:\github_code\test_ncnn\ncnn-vs2013-master_mtcnn\ncnn\x64\debug\roipooling.obj
g:\github_code\test_ncnn\ncnn-vs2013-master_mtcnn\ncnn\x64\debug\roialign.obj
g:\github_code\test_ncnn\ncnn-vs2013-master_mtcnn\ncnn\x64\debug\rnn.obj
g:\github_code\test_ncnn\ncnn-vs2013-master_mtcnn\ncnn\x64\debug\reshape.obj
g:\github_code\test_ncnn\ncnn-vs2013-master_mtcnn\ncnn\x64\debug\reorg.obj
g:\github_code\test_ncnn\ncnn-vs2013-master_mtcnn\ncnn\x64\debug\relu.obj
g:\github_code\test_ncnn\ncnn-vs2013-master_mtcnn\ncnn\x64\debug\reduction.obj
g:\github_code\test_ncnn\ncnn-vs2013-master_mtcnn\ncnn\x64\debug\quantize.obj
g:\github_code\test_ncnn\ncnn-vs2013-master_mtcnn\ncnn\x64\debug\psroipooling.obj
g:\github_code\test_ncnn\ncnn-vs2013-master_mtcnn\ncnn\x64\debug\proposal.obj
g:\github_code\test_ncnn\ncnn-vs2013-master_mtcnn\ncnn\x64\debug\priorbox.obj
g:\github_code\test_ncnn\ncnn-vs2013-master_mtcnn\ncnn\x64\debug\prelu.obj
g:\github_code\test_ncnn\ncnn-vs2013-master_mtcnn\ncnn\x64\debug\power.obj
g:\github_code\test_ncnn\ncnn-vs2013-master_mtcnn\ncnn\x64\debug\pooling.obj
g:\github_code\test_ncnn\ncnn-vs2013-master_mtcnn\ncnn\x64\debug\permute.obj
g:\github_code\test_ncnn\ncnn-vs2013-master_mtcnn\ncnn\x64\debug\paramdict.obj
g:\github_code\test_ncnn\ncnn-vs2013-master_mtcnn\ncnn\x64\debug\opencv.obj
g:\github_code\test_ncnn\ncnn-vs2013-master_mtcnn\ncnn\x64\debug\net.obj
g:\github_code\test_ncnn\ncnn-vs2013-master_mtcnn\ncnn\x64\debug\modelbin.obj
g:\github_code\test_ncnn\ncnn-vs2013-master_mtcnn\ncnn\x64\debug\mat_pixel.obj
g:\github_code\test_ncnn\ncnn-vs2013-master_mtcnn\ncnn\x64\debug\mat.obj
g:\github_code\test_ncnn\ncnn-vs2013-master_mtcnn\ncnn\x64\debug\yolov3detectionoutput.obj
g:\github_code\test_ncnn\ncnn-vs2013-master_mtcnn\ncnn\x64\debug\yolodetectionoutput.obj
g:\github_code\test_ncnn\ncnn-vs2013-master_mtcnn\ncnn\x64\debug\convolution_x86.obj
g:\github_code\test_ncnn\ncnn-vs2013-master_mtcnn\ncnn\x64\debug\convolutiondepthwise_x86.obj
g:\github_code\test_ncnn\ncnn-vs2013-master_mtcnn\ncnn\x64\debug\unaryop.obj
g:\github_code\test_ncnn\ncnn-vs2013-master_mtcnn\ncnn\x64\debug\tile.obj
g:\github_code\test_ncnn\ncnn-vs2013-master_mtcnn\ncnn\x64\debug\threshold.obj
g:\github_code\test_ncnn\ncnn-vs2013-master_mtcnn\ncnn\x64\debug\tanh.obj
g:\github_code\test_ncnn\ncnn-vs2013-master_mtcnn\ncnn\x64\debug\squeeze.obj
g:\github_code\test_ncnn\ncnn-vs2013-master_mtcnn\ncnn\x64\debug\spp.obj
g:\github_code\test_ncnn\ncnn-vs2013-master_mtcnn\ncnn\x64\debug\split.obj
g:\github_code\test_ncnn\ncnn-vs2013-master_mtcnn\ncnn\x64\debug\ncnn.ilk
g:\github_code\test_ncnn\ncnn-vs2013-master_mtcnn\ncnn\x64\debug\ncnn.exe
g:\github_code\test_ncnn\ncnn-vs2013-master_mtcnn\ncnn\x64\debug\ncnn.pdb
g:\github_code\test_ncnn\ncnn-vs2013-master_mtcnn\ncnn\x64\debug\ncnn.tlog\cl.command.1.tlog
g:\github_code\test_ncnn\ncnn-vs2013-master_mtcnn\ncnn\x64\debug\ncnn.tlog\cl.read.1.tlog
g:\github_code\test_ncnn\ncnn-vs2013-master_mtcnn\ncnn\x64\debug\ncnn.tlog\cl.write.1.tlog
g:\github_code\test_ncnn\ncnn-vs2013-master_mtcnn\ncnn\x64\debug\ncnn.tlog\link.command.1.tlog
g:\github_code\test_ncnn\ncnn-vs2013-master_mtcnn\ncnn\x64\debug\ncnn.tlog\link.read.1.tlog
g:\github_code\test_ncnn\ncnn-vs2013-master_mtcnn\ncnn\x64\debug\ncnn.tlog\link.write.1.tlog
